<?xml version="1.0" encoding="UTF-8"?>
<!-- Generated by org.testng.reporters.JUnitXMLReporter -->
<testsuite ignored="0" hostname="LAPTOP-LGBON0P7" failures="1" tests="6" name="Command line test" time="25.234" errors="0" timestamp="2022-10-01T12:04:42 IDT">
  <testcase classname="TestAddressPage" name="testSingIn" time="9.564"/>
  <testcase classname="TestAddressPage" name="testClickAddressLink" time="2.08"/>
  <testcase classname="TestOpenBrowser" name="testOne" time="0.0">
    <failure type="org.testng.TestNGException" message="
Parameter &amp;apos;webDriverName&amp;apos; is required by @Test on method testOne but has not been marked @Optional or defined
">
      <![CDATA[org.testng.TestNGException: 
Parameter 'webDriverName' is required by @Test on method testOne but has not been marked @Optional or defined

at java.base/java.util.ArrayList.forEach(ArrayList.java:1511)
... Removed 34 stack frames]]>
    </failure>
  </testcase> <!-- testOne -->
  <testcase classname="TestSingIn" name="testSingIn" time="8.634"/>
  <testcase classname="TestWithTrello.TestSignIn" name="testEnterEmail" time="1.754"/>
  <testcase classname="TestWithTrello.TestSignIn" name="testEnterPassword" time="3.097"/>
</testsuite> <!-- Command line test -->
